{"data":'clientPool: {}',"date":"2019-08-21T11:00:00.753","level":"INFO","category":"default","host":"DESKTOP-5OD2HI8","pid":"16164"}
{"data":'clientPool: {}',"date":"2019-08-21T11:00:10.753","level":"INFO","category":"default","host":"DESKTOP-5OD2HI8","pid":"16164"}
{"data":'clientPool: {}',"date":"2019-08-21T11:00:20.754","level":"INFO","category":"default","host":"DESKTOP-5OD2HI8","pid":"16164"}
{"data":'clientPool: { '♠aa1917f0-c3bc-11e9-a108-c5fd2e79ff90': [ 'aa1917f0-c3bc-11e9-a108-c5fd2e79ff90', 1566356428145 ],
  '♠a66f22c0-c3bc-11e9-a108-c5fd2e79ff90': [ 'a66f22c0-c3bc-11e9-a108-c5fd2e79ff90', 1566356428155 ] }',"date":"2019-08-21T11:00:30.754","level":"INFO","category":"default","host":"DESKTOP-5OD2HI8","pid":"16164"}
{"data":'clientPool: {}',"date":"2019-08-21T11:00:40.753","level":"INFO","category":"default","host":"DESKTOP-5OD2HI8","pid":"16164"}
{"data":'clientPool: { '♠aa1917f0-c3bc-11e9-a108-c5fd2e79ff90': [ 'aa1917f0-c3bc-11e9-a108-c5fd2e79ff90', 1566356450189 ],
  '♠a66f22c0-c3bc-11e9-a108-c5fd2e79ff90': [ 'a66f22c0-c3bc-11e9-a108-c5fd2e79ff90', 1566356450191 ] }',"date":"2019-08-21T11:00:50.754","level":"INFO","category":"default","host":"DESKTOP-5OD2HI8","pid":"16164"}
{"data":'clientPool: {}',"date":"2019-08-21T11:01:00.754","level":"INFO","category":"default","host":"DESKTOP-5OD2HI8","pid":"16164"}
{"data":'clientPool: {}',"date":"2019-08-21T11:01:10.754","level":"INFO","category":"default","host":"DESKTOP-5OD2HI8","pid":"16164"}
{"data":'clientPool: {}',"date":"2019-08-21T11:01:20.755","level":"INFO","category":"default","host":"DESKTOP-5OD2HI8","pid":"16164"}
{"data":'clientPool: {}',"date":"2019-08-21T11:01:30.756","level":"INFO","category":"default","host":"DESKTOP-5OD2HI8","pid":"16164"}
{"data":'clientPool: {}',"date":"2019-08-21T11:01:40.756","level":"INFO","category":"default","host":"DESKTOP-5OD2HI8","pid":"16164"}
{"data":'clientPool: {}',"date":"2019-08-21T11:01:50.757","level":"INFO","category":"default","host":"DESKTOP-5OD2HI8","pid":"16164"}
{"data":'clientPool: {}',"date":"2019-08-21T11:02:00.758","level":"INFO","category":"default","host":"DESKTOP-5OD2HI8","pid":"16164"}
{"data":'clientPool: {}',"date":"2019-08-21T11:02:10.757","level":"INFO","category":"default","host":"DESKTOP-5OD2HI8","pid":"16164"}
{"data":'clientPool: {}',"date":"2019-08-21T11:02:20.757","level":"INFO","category":"default","host":"DESKTOP-5OD2HI8","pid":"16164"}
{"data":'clientPool: {}',"date":"2019-08-21T11:02:30.757","level":"INFO","category":"default","host":"DESKTOP-5OD2HI8","pid":"16164"}
{"data":'clientPool: {}',"date":"2019-08-21T11:02:40.757","level":"INFO","category":"default","host":"DESKTOP-5OD2HI8","pid":"16164"}
{"data":'clientPool: {}',"date":"2019-08-21T11:02:43.867","level":"INFO","category":"default","host":"DESKTOP-5OD2HI8","pid":"16164"}
{"data":'clientPool: {}',"date":"2019-08-21T11:02:53.866","level":"INFO","category":"default","host":"DESKTOP-5OD2HI8","pid":"16164"}
{"data":'clientPool: {}',"date":"2019-08-21T11:03:03.866","level":"INFO","category":"default","host":"DESKTOP-5OD2HI8","pid":"16164"}
{"data":'clientPool: {}',"date":"2019-08-21T11:03:13.867","level":"INFO","category":"default","host":"DESKTOP-5OD2HI8","pid":"16164"}
{"data":'clientPool: {}',"date":"2019-08-21T11:03:23.867","level":"INFO","category":"default","host":"DESKTOP-5OD2HI8","pid":"16164"}
{"data":'clientPool: {}',"date":"2019-08-21T11:03:33.869","level":"INFO","category":"default","host":"DESKTOP-5OD2HI8","pid":"16164"}
{"data":'clientPool: {}',"date":"2019-08-21T11:03:43.869","level":"INFO","category":"default","host":"DESKTOP-5OD2HI8","pid":"16164"}
{"data":'clientPool: {}',"date":"2019-08-21T11:03:53.869","level":"INFO","category":"default","host":"DESKTOP-5OD2HI8","pid":"16164"}
{"data":'clientPool: {}',"date":"2019-08-21T11:04:03.868","level":"INFO","category":"default","host":"DESKTOP-5OD2HI8","pid":"16164"}
{"data":'clientPool: { '♠a66f22c0-c3bc-11e9-a108-c5fd2e79ff90': [ 'a66f22c0-c3bc-11e9-a108-c5fd2e79ff90', 1566356646255 ] }',"date":"2019-08-21T11:04:13.869","level":"INFO","category":"default","host":"DESKTOP-5OD2HI8","pid":"16164"}
{"data":'clientPool: {}',"date":"2019-08-21T11:04:23.869","level":"INFO","category":"default","host":"DESKTOP-5OD2HI8","pid":"16164"}
{"data":'clientPool: {}',"date":"2019-08-21T11:04:33.868","level":"INFO","category":"default","host":"DESKTOP-5OD2HI8","pid":"16164"}
{"data":'clientPool: {}',"date":"2019-08-21T11:04:43.868","level":"INFO","category":"default","host":"DESKTOP-5OD2HI8","pid":"16164"}
{"data":'clientPool: {}',"date":"2019-08-21T11:04:53.868","level":"INFO","category":"default","host":"DESKTOP-5OD2HI8","pid":"16164"}
{"data":'clientPool: {}',"date":"2019-08-21T11:05:03.868","level":"INFO","category":"default","host":"DESKTOP-5OD2HI8","pid":"16164"}
{"data":'clientPool: {}',"date":"2019-08-21T11:05:13.868","level":"INFO","category":"default","host":"DESKTOP-5OD2HI8","pid":"16164"}
{"data":'clientPool: {}',"date":"2019-08-21T11:05:23.870","level":"INFO","category":"default","host":"DESKTOP-5OD2HI8","pid":"16164"}
{"data":'clientPool: {}',"date":"2019-08-21T11:05:33.869","level":"INFO","category":"default","host":"DESKTOP-5OD2HI8","pid":"16164"}
{"data":'clientPool: {}',"date":"2019-08-21T11:05:43.871","level":"INFO","category":"default","host":"DESKTOP-5OD2HI8","pid":"16164"}
{"data":'clientPool: {}',"date":"2019-08-21T11:05:53.871","level":"INFO","category":"default","host":"DESKTOP-5OD2HI8","pid":"16164"}
{"data":'clientPool: { '♠a66f22c0-c3bc-11e9-a108-c5fd2e79ff90': [ 'a66f22c0-c3bc-11e9-a108-c5fd2e79ff90', 1566356763297 ] }',"date":"2019-08-21T11:06:03.871","level":"INFO","category":"default","host":"DESKTOP-5OD2HI8","pid":"16164"}
{"data":'clientPool: { '♠aa1917f0-c3bc-11e9-a108-c5fd2e79ff90': [ 'aa1917f0-c3bc-11e9-a108-c5fd2e79ff90', 1566356769203 ] }',"date":"2019-08-21T11:06:13.871","level":"INFO","category":"default","host":"DESKTOP-5OD2HI8","pid":"16164"}
{"data":'clientPool: {}',"date":"2019-08-21T11:06:23.872","level":"INFO","category":"default","host":"DESKTOP-5OD2HI8","pid":"16164"}
{"data":'clientPool: {}',"date":"2019-08-21T11:06:33.872","level":"INFO","category":"default","host":"DESKTOP-5OD2HI8","pid":"16164"}
{"data":'clientPool: {}',"date":"2019-08-21T11:06:43.872","level":"INFO","category":"default","host":"DESKTOP-5OD2HI8","pid":"16164"}
{"data":'clientPool: {}',"date":"2019-08-21T11:06:53.873","level":"INFO","category":"default","host":"DESKTOP-5OD2HI8","pid":"16164"}
{"data":'clientPool: {}',"date":"2019-08-21T11:07:03.872","level":"INFO","category":"default","host":"DESKTOP-5OD2HI8","pid":"16164"}
{"data":'clientPool: {}',"date":"2019-08-21T11:07:13.873","level":"INFO","category":"default","host":"DESKTOP-5OD2HI8","pid":"16164"}
{"data":'clientPool: {}',"date":"2019-08-21T11:07:23.874","level":"INFO","category":"default","host":"DESKTOP-5OD2HI8","pid":"16164"}
{"data":'clientPool: {}',"date":"2019-08-21T11:07:33.874","level":"INFO","category":"default","host":"DESKTOP-5OD2HI8","pid":"16164"}
{"data":'clientPool: {}',"date":"2019-08-21T11:07:43.874","level":"INFO","category":"default","host":"DESKTOP-5OD2HI8","pid":"16164"}
{"data":'clientPool: {}',"date":"2019-08-21T11:07:53.875","level":"INFO","category":"default","host":"DESKTOP-5OD2HI8","pid":"16164"}
{"data":'clientPool: { '♠aa1917f0-c3bc-11e9-a108-c5fd2e79ff90': [ 'aa1917f0-c3bc-11e9-a108-c5fd2e79ff90', 1566356878279 ],
  '♠a66f22c0-c3bc-11e9-a108-c5fd2e79ff90': [ 'a66f22c0-c3bc-11e9-a108-c5fd2e79ff90', 1566356878280 ] }',"date":"2019-08-21T11:08:03.875","level":"INFO","category":"default","host":"DESKTOP-5OD2HI8","pid":"16164"}
{"data":'clientPool: {}',"date":"2019-08-21T11:08:13.875","level":"INFO","category":"default","host":"DESKTOP-5OD2HI8","pid":"16164"}
{"data":'clientPool: {}',"date":"2019-08-21T11:08:23.875","level":"INFO","category":"default","host":"DESKTOP-5OD2HI8","pid":"16164"}
{"data":'clientPool: {}',"date":"2019-08-21T11:08:33.876","level":"INFO","category":"default","host":"DESKTOP-5OD2HI8","pid":"16164"}
{"data":'clientPool: {}',"date":"2019-08-21T11:08:43.876","level":"INFO","category":"default","host":"DESKTOP-5OD2HI8","pid":"16164"}
{"data":'clientPool: {}',"date":"2019-08-21T11:08:53.877","level":"INFO","category":"default","host":"DESKTOP-5OD2HI8","pid":"16164"}
{"data":'clientPool: {}',"date":"2019-08-21T11:09:03.877","level":"INFO","category":"default","host":"DESKTOP-5OD2HI8","pid":"16164"}
{"data":'clientPool: {}',"date":"2019-08-21T11:09:13.877","level":"INFO","category":"default","host":"DESKTOP-5OD2HI8","pid":"16164"}
{"data":'clientPool: {}',"date":"2019-08-21T11:09:23.878","level":"INFO","category":"default","host":"DESKTOP-5OD2HI8","pid":"16164"}
{"data":'clientPool: {}',"date":"2019-08-21T11:09:33.879","level":"INFO","category":"default","host":"DESKTOP-5OD2HI8","pid":"16164"}
{"data":'clientPool: {}',"date":"2019-08-21T11:09:43.880","level":"INFO","category":"default","host":"DESKTOP-5OD2HI8","pid":"16164"}
{"data":'clientPool: {}',"date":"2019-08-21T11:09:53.880","level":"INFO","category":"default","host":"DESKTOP-5OD2HI8","pid":"16164"}
{"data":'clientPool: {}',"date":"2019-08-21T11:10:03.879","level":"INFO","category":"default","host":"DESKTOP-5OD2HI8","pid":"16164"}
{"data":'clientPool: {}',"date":"2019-08-21T11:10:13.880","level":"INFO","category":"default","host":"DESKTOP-5OD2HI8","pid":"16164"}
{"data":'clientPool: {}',"date":"2019-08-21T11:10:23.880","level":"INFO","category":"default","host":"DESKTOP-5OD2HI8","pid":"16164"}
{"data":'clientPool: { '♠aa1917f0-c3bc-11e9-a108-c5fd2e79ff90': [ 'aa1917f0-c3bc-11e9-a108-c5fd2e79ff90', 1566357026514 ] }',"date":"2019-08-21T11:10:33.880","level":"INFO","category":"default","host":"DESKTOP-5OD2HI8","pid":"16164"}
{"data":'clientPool: {}',"date":"2019-08-21T11:10:43.880","level":"INFO","category":"default","host":"DESKTOP-5OD2HI8","pid":"16164"}
{"data":'clientPool: {}',"date":"2019-08-21T11:10:53.881","level":"INFO","category":"default","host":"DESKTOP-5OD2HI8","pid":"16164"}
{"data":'clientPool: {}',"date":"2019-08-21T11:11:03.881","level":"INFO","category":"default","host":"DESKTOP-5OD2HI8","pid":"16164"}
{"data":'clientPool: {}',"date":"2019-08-21T11:11:13.882","level":"INFO","category":"default","host":"DESKTOP-5OD2HI8","pid":"16164"}
{"data":'clientPool: {}',"date":"2019-08-21T11:11:23.882","level":"INFO","category":"default","host":"DESKTOP-5OD2HI8","pid":"16164"}
{"data":'clientPool: {}',"date":"2019-08-21T11:11:33.883","level":"INFO","category":"default","host":"DESKTOP-5OD2HI8","pid":"16164"}
{"data":'clientPool: {}',"date":"2019-08-21T11:11:43.883","level":"INFO","category":"default","host":"DESKTOP-5OD2HI8","pid":"16164"}
{"data":'clientPool: {}',"date":"2019-08-21T11:11:53.883","level":"INFO","category":"default","host":"DESKTOP-5OD2HI8","pid":"16164"}
{"data":'clientPool: {}',"date":"2019-08-21T11:12:03.882","level":"INFO","category":"default","host":"DESKTOP-5OD2HI8","pid":"16164"}
{"data":'clientPool: {}',"date":"2019-08-21T11:12:13.883","level":"INFO","category":"default","host":"DESKTOP-5OD2HI8","pid":"16164"}
{"data":'clientPool: { '♠aa1917f0-c3bc-11e9-a108-c5fd2e79ff90': [ 'aa1917f0-c3bc-11e9-a108-c5fd2e79ff90', 1566357141874 ] }',"date":"2019-08-21T11:12:23.883","level":"INFO","category":"default","host":"DESKTOP-5OD2HI8","pid":"16164"}
{"data":'clientPool: {}',"date":"2019-08-21T11:12:33.884","level":"INFO","category":"default","host":"DESKTOP-5OD2HI8","pid":"16164"}
{"data":'clientPool: {}',"date":"2019-08-21T11:12:43.884","level":"INFO","category":"default","host":"DESKTOP-5OD2HI8","pid":"16164"}
{"data":'clientPool: {}',"date":"2019-08-21T11:12:53.883","level":"INFO","category":"default","host":"DESKTOP-5OD2HI8","pid":"16164"}
{"data":'clientPool: {}',"date":"2019-08-21T11:13:03.884","level":"INFO","category":"default","host":"DESKTOP-5OD2HI8","pid":"16164"}
{"data":'clientPool: {}',"date":"2019-08-21T11:13:13.883","level":"INFO","category":"default","host":"DESKTOP-5OD2HI8","pid":"16164"}
{"data":'clientPool: {}',"date":"2019-08-21T11:13:23.884","level":"INFO","category":"default","host":"DESKTOP-5OD2HI8","pid":"16164"}
{"data":'clientPool: {}',"date":"2019-08-21T11:13:33.900","level":"INFO","category":"default","host":"DESKTOP-5OD2HI8","pid":"16164"}
{"data":'clientPool: {}',"date":"2019-08-21T11:13:43.900","level":"INFO","category":"default","host":"DESKTOP-5OD2HI8","pid":"16164"}
{"data":'clientPool: {}',"date":"2019-08-21T11:13:53.915","level":"INFO","category":"default","host":"DESKTOP-5OD2HI8","pid":"16164"}
{"data":'clientPool: {}',"date":"2019-08-21T11:14:03.931","level":"INFO","category":"default","host":"DESKTOP-5OD2HI8","pid":"16164"}
{"data":'clientPool: {}',"date":"2019-08-21T11:14:13.948","level":"INFO","category":"default","host":"DESKTOP-5OD2HI8","pid":"16164"}
{"data":'clientPool: { '♠a66f22c0-c3bc-11e9-a108-c5fd2e79ff90': [ 'a66f22c0-c3bc-11e9-a108-c5fd2e79ff90', 1566357259382 ] }',"date":"2019-08-21T11:14:23.956","level":"INFO","category":"default","host":"DESKTOP-5OD2HI8","pid":"16164"}
{"data":'clientPool: {}',"date":"2019-08-21T11:14:33.964","level":"INFO","category":"default","host":"DESKTOP-5OD2HI8","pid":"16164"}
{"data":'clientPool: {}',"date":"2019-08-21T11:14:43.963","level":"INFO","category":"default","host":"DESKTOP-5OD2HI8","pid":"16164"}
{"data":'clientPool: {}',"date":"2019-08-21T11:14:53.969","level":"INFO","category":"default","host":"DESKTOP-5OD2HI8","pid":"16164"}
{"data":'clientPool: {}',"date":"2019-08-21T11:15:03.983","level":"INFO","category":"default","host":"DESKTOP-5OD2HI8","pid":"16164"}
{"data":'clientPool: { '♠a66f22c0-c3bc-11e9-a108-c5fd2e79ff90': [ 'a66f22c0-c3bc-11e9-a108-c5fd2e79ff90', 1566357308186 ] }',"date":"2019-08-21T11:15:14.002","level":"INFO","category":"default","host":"DESKTOP-5OD2HI8","pid":"16164"}
{"data":'clientPool: { '♠aa1917f0-c3bc-11e9-a108-c5fd2e79ff90': [ 'aa1917f0-c3bc-11e9-a108-c5fd2e79ff90', 1566357318667 ] }',"date":"2019-08-21T11:15:24.012","level":"INFO","category":"default","host":"DESKTOP-5OD2HI8","pid":"16164"}
{"data":'clientPool: {}',"date":"2019-08-21T11:15:34.012","level":"INFO","category":"default","host":"DESKTOP-5OD2HI8","pid":"16164"}
{"data":'clientPool: {}',"date":"2019-08-21T11:15:44.012","level":"INFO","category":"default","host":"DESKTOP-5OD2HI8","pid":"16164"}
{"data":'clientPool: {}',"date":"2019-08-21T11:15:54.012","level":"INFO","category":"default","host":"DESKTOP-5OD2HI8","pid":"16164"}
{"data":'clientPool: {}',"date":"2019-08-21T11:16:04.012","level":"INFO","category":"default","host":"DESKTOP-5OD2HI8","pid":"16164"}
{"data":'clientPool: {}',"date":"2019-08-21T11:16:14.012","level":"INFO","category":"default","host":"DESKTOP-5OD2HI8","pid":"16164"}
{"data":'clientPool: {}',"date":"2019-08-21T11:16:24.019","level":"INFO","category":"default","host":"DESKTOP-5OD2HI8","pid":"16164"}
{"data":'clientPool: {}',"date":"2019-08-21T11:16:34.028","level":"INFO","category":"default","host":"DESKTOP-5OD2HI8","pid":"16164"}
{"data":'clientPool: {}',"date":"2019-08-21T11:16:44.044","level":"INFO","category":"default","host":"DESKTOP-5OD2HI8","pid":"16164"}
{"data":'clientPool: {}',"date":"2019-08-21T11:16:54.044","level":"INFO","category":"default","host":"DESKTOP-5OD2HI8","pid":"16164"}
{"data":'clientPool: {}',"date":"2019-08-21T11:17:04.060","level":"INFO","category":"default","host":"DESKTOP-5OD2HI8","pid":"16164"}
{"data":'clientPool: {}',"date":"2019-08-21T11:17:14.059","level":"INFO","category":"default","host":"DESKTOP-5OD2HI8","pid":"16164"}
{"data":'clientPool: {}',"date":"2019-08-21T11:17:24.069","level":"INFO","category":"default","host":"DESKTOP-5OD2HI8","pid":"16164"}
{"data":'clientPool: {}',"date":"2019-08-21T11:17:34.076","level":"INFO","category":"default","host":"DESKTOP-5OD2HI8","pid":"16164"}
{"data":'clientPool: {}',"date":"2019-08-21T11:17:44.076","level":"INFO","category":"default","host":"DESKTOP-5OD2HI8","pid":"16164"}
{"data":'clientPool: {}',"date":"2019-08-21T11:17:54.076","level":"INFO","category":"default","host":"DESKTOP-5OD2HI8","pid":"16164"}
{"data":'clientPool: {}',"date":"2019-08-21T11:18:04.076","level":"INFO","category":"default","host":"DESKTOP-5OD2HI8","pid":"16164"}
{"data":'clientPool: {}',"date":"2019-08-21T11:18:14.076","level":"INFO","category":"default","host":"DESKTOP-5OD2HI8","pid":"16164"}
{"data":'clientPool: {}',"date":"2019-08-21T11:18:24.076","level":"INFO","category":"default","host":"DESKTOP-5OD2HI8","pid":"16164"}
{"data":'clientPool: {}',"date":"2019-08-21T11:18:34.076","level":"INFO","category":"default","host":"DESKTOP-5OD2HI8","pid":"16164"}
{"data":'clientPool: {}',"date":"2019-08-21T11:18:44.078","level":"INFO","category":"default","host":"DESKTOP-5OD2HI8","pid":"16164"}
{"data":'clientPool: {}',"date":"2019-08-21T11:18:54.086","level":"INFO","category":"default","host":"DESKTOP-5OD2HI8","pid":"16164"}
{"data":'clientPool: {}',"date":"2019-08-21T11:19:04.093","level":"INFO","category":"default","host":"DESKTOP-5OD2HI8","pid":"16164"}
{"data":'clientPool: {}',"date":"2019-08-21T11:19:14.108","level":"INFO","category":"default","host":"DESKTOP-5OD2HI8","pid":"16164"}
{"data":'clientPool: {}',"date":"2019-08-21T11:19:24.108","level":"INFO","category":"default","host":"DESKTOP-5OD2HI8","pid":"16164"}
{"data":'clientPool: {}',"date":"2019-08-21T11:19:34.108","level":"INFO","category":"default","host":"DESKTOP-5OD2HI8","pid":"16164"}
{"data":'clientPool: {}',"date":"2019-08-21T11:19:44.109","level":"INFO","category":"default","host":"DESKTOP-5OD2HI8","pid":"16164"}
{"data":'clientPool: {}',"date":"2019-08-21T11:19:54.124","level":"INFO","category":"default","host":"DESKTOP-5OD2HI8","pid":"16164"}
{"data":'clientPool: {}',"date":"2019-08-21T11:20:04.124","level":"INFO","category":"default","host":"DESKTOP-5OD2HI8","pid":"16164"}
{"data":'clientPool: {}',"date":"2019-08-21T11:20:14.140","level":"INFO","category":"default","host":"DESKTOP-5OD2HI8","pid":"16164"}
{"data":'clientPool: {}',"date":"2019-08-21T11:20:24.156","level":"INFO","category":"default","host":"DESKTOP-5OD2HI8","pid":"16164"}
{"data":'clientPool: {}',"date":"2019-08-21T11:20:34.172","level":"INFO","category":"default","host":"DESKTOP-5OD2HI8","pid":"16164"}
{"data":'clientPool: {}',"date":"2019-08-21T11:20:44.172","level":"INFO","category":"default","host":"DESKTOP-5OD2HI8","pid":"16164"}
{"data":'clientPool: {}',"date":"2019-08-21T11:20:54.173","level":"INFO","category":"default","host":"DESKTOP-5OD2HI8","pid":"16164"}
{"data":'clientPool: {}',"date":"2019-08-21T11:21:04.174","level":"INFO","category":"default","host":"DESKTOP-5OD2HI8","pid":"16164"}
{"data":'clientPool: {}',"date":"2019-08-21T11:21:14.188","level":"INFO","category":"default","host":"DESKTOP-5OD2HI8","pid":"16164"}
{"data":'clientPool: {}',"date":"2019-08-21T11:21:24.188","level":"INFO","category":"default","host":"DESKTOP-5OD2HI8","pid":"16164"}
{"data":'clientPool: {}',"date":"2019-08-21T11:21:34.206","level":"INFO","category":"default","host":"DESKTOP-5OD2HI8","pid":"16164"}
{"data":'clientPool: {}',"date":"2019-08-21T11:21:44.207","level":"INFO","category":"default","host":"DESKTOP-5OD2HI8","pid":"16164"}
{"data":'clientPool: {}',"date":"2019-08-21T11:21:54.227","level":"INFO","category":"default","host":"DESKTOP-5OD2HI8","pid":"16164"}
{"data":'clientPool: { '♠a66f22c0-c3bc-11e9-a108-c5fd2e79ff90': [ 'a66f22c0-c3bc-11e9-a108-c5fd2e79ff90', 1566357717273 ] }',"date":"2019-08-21T11:22:04.231","level":"INFO","category":"default","host":"DESKTOP-5OD2HI8","pid":"16164"}
{"data":'clientPool: {}',"date":"2019-08-21T11:22:14.237","level":"INFO","category":"default","host":"DESKTOP-5OD2HI8","pid":"16164"}
{"data":'clientPool: {}',"date":"2019-08-21T11:22:24.237","level":"INFO","category":"default","host":"DESKTOP-5OD2HI8","pid":"16164"}
{"data":'clientPool: {}',"date":"2019-08-21T11:22:34.237","level":"INFO","category":"default","host":"DESKTOP-5OD2HI8","pid":"16164"}
{"data":'clientPool: {}',"date":"2019-08-21T11:22:44.237","level":"INFO","category":"default","host":"DESKTOP-5OD2HI8","pid":"16164"}
{"data":'clientPool: {}',"date":"2019-08-21T11:22:54.253","level":"INFO","category":"default","host":"DESKTOP-5OD2HI8","pid":"16164"}
{"data":'clientPool: {}',"date":"2019-08-21T11:23:04.252","level":"INFO","category":"default","host":"DESKTOP-5OD2HI8","pid":"16164"}
{"data":'clientPool: {}',"date":"2019-08-21T11:23:14.259","level":"INFO","category":"default","host":"DESKTOP-5OD2HI8","pid":"16164"}
{"data":'clientPool: {}',"date":"2019-08-21T11:23:24.269","level":"INFO","category":"default","host":"DESKTOP-5OD2HI8","pid":"16164"}
{"data":'clientPool: {}',"date":"2019-08-21T11:23:34.269","level":"INFO","category":"default","host":"DESKTOP-5OD2HI8","pid":"16164"}
{"data":'clientPool: {}',"date":"2019-08-21T11:23:44.269","level":"INFO","category":"default","host":"DESKTOP-5OD2HI8","pid":"16164"}
{"data":'clientPool: {}',"date":"2019-08-21T11:23:54.269","level":"INFO","category":"default","host":"DESKTOP-5OD2HI8","pid":"16164"}
{"data":'clientPool: {}',"date":"2019-08-21T11:24:04.269","level":"INFO","category":"default","host":"DESKTOP-5OD2HI8","pid":"16164"}
{"data":'clientPool: {}',"date":"2019-08-21T11:24:14.269","level":"INFO","category":"default","host":"DESKTOP-5OD2HI8","pid":"16164"}
{"data":'clientPool: {}',"date":"2019-08-21T11:24:24.269","level":"INFO","category":"default","host":"DESKTOP-5OD2HI8","pid":"16164"}
{"data":'clientPool: {}',"date":"2019-08-21T11:24:34.268","level":"INFO","category":"default","host":"DESKTOP-5OD2HI8","pid":"16164"}
{"data":'clientPool: {}',"date":"2019-08-21T11:24:44.285","level":"INFO","category":"default","host":"DESKTOP-5OD2HI8","pid":"16164"}
{"data":'clientPool: {}',"date":"2019-08-21T11:24:54.285","level":"INFO","category":"default","host":"DESKTOP-5OD2HI8","pid":"16164"}
{"data":'clientPool: {}',"date":"2019-08-21T11:25:04.285","level":"INFO","category":"default","host":"DESKTOP-5OD2HI8","pid":"16164"}
{"data":'clientPool: {}',"date":"2019-08-21T11:25:14.285","level":"INFO","category":"default","host":"DESKTOP-5OD2HI8","pid":"16164"}
{"data":'clientPool: { '♠a66f22c0-c3bc-11e9-a108-c5fd2e79ff90': [ 'a66f22c0-c3bc-11e9-a108-c5fd2e79ff90', 1566357919382 ] }',"date":"2019-08-21T11:25:24.302","level":"INFO","category":"default","host":"DESKTOP-5OD2HI8","pid":"16164"}
{"data":'clientPool: {}',"date":"2019-08-21T11:25:34.318","level":"INFO","category":"default","host":"DESKTOP-5OD2HI8","pid":"16164"}
{"data":'clientPool: {}',"date":"2019-08-21T11:25:44.318","level":"INFO","category":"default","host":"DESKTOP-5OD2HI8","pid":"16164"}
{"data":'clientPool: {}',"date":"2019-08-21T11:25:54.326","level":"INFO","category":"default","host":"DESKTOP-5OD2HI8","pid":"16164"}
{"data":'clientPool: {}',"date":"2019-08-21T11:26:04.334","level":"INFO","category":"default","host":"DESKTOP-5OD2HI8","pid":"16164"}
{"data":'clientPool: {}',"date":"2019-08-21T11:26:14.349","level":"INFO","category":"default","host":"DESKTOP-5OD2HI8","pid":"16164"}
{"data":'clientPool: {}',"date":"2019-08-21T11:26:24.350","level":"INFO","category":"default","host":"DESKTOP-5OD2HI8","pid":"16164"}
{"data":'clientPool: {}',"date":"2019-08-21T11:26:34.350","level":"INFO","category":"default","host":"DESKTOP-5OD2HI8","pid":"16164"}
{"data":'clientPool: {}',"date":"2019-08-21T11:26:44.366","level":"INFO","category":"default","host":"DESKTOP-5OD2HI8","pid":"16164"}
{"data":'clientPool: {}',"date":"2019-08-21T11:26:54.366","level":"INFO","category":"default","host":"DESKTOP-5OD2HI8","pid":"16164"}
{"data":'clientPool: {}',"date":"2019-08-21T11:27:04.366","level":"INFO","category":"default","host":"DESKTOP-5OD2HI8","pid":"16164"}
{"data":'clientPool: {}',"date":"2019-08-21T11:27:14.382","level":"INFO","category":"default","host":"DESKTOP-5OD2HI8","pid":"16164"}
{"data":'clientPool: {}',"date":"2019-08-21T11:27:24.392","level":"INFO","category":"default","host":"DESKTOP-5OD2HI8","pid":"16164"}
{"data":'clientPool: {}',"date":"2019-08-21T11:27:34.398","level":"INFO","category":"default","host":"DESKTOP-5OD2HI8","pid":"16164"}
{"data":'clientPool: {}',"date":"2019-08-21T11:27:44.398","level":"INFO","category":"default","host":"DESKTOP-5OD2HI8","pid":"16164"}
{"data":'clientPool: {}',"date":"2019-08-21T11:27:54.398","level":"INFO","category":"default","host":"DESKTOP-5OD2HI8","pid":"16164"}
{"data":'clientPool: {}',"date":"2019-08-21T11:28:04.414","level":"INFO","category":"default","host":"DESKTOP-5OD2HI8","pid":"16164"}
{"data":'clientPool: {}',"date":"2019-08-21T11:28:14.421","level":"INFO","category":"default","host":"DESKTOP-5OD2HI8","pid":"16164"}
{"data":'clientPool: {}',"date":"2019-08-21T11:28:24.430","level":"INFO","category":"default","host":"DESKTOP-5OD2HI8","pid":"16164"}
{"data":'clientPool: {}',"date":"2019-08-21T11:28:34.430","level":"INFO","category":"default","host":"DESKTOP-5OD2HI8","pid":"16164"}
{"data":'clientPool: {}',"date":"2019-08-21T11:28:44.446","level":"INFO","category":"default","host":"DESKTOP-5OD2HI8","pid":"16164"}
{"data":'clientPool: {}',"date":"2019-08-21T11:28:54.447","level":"INFO","category":"default","host":"DESKTOP-5OD2HI8","pid":"16164"}
{"data":'clientPool: {}',"date":"2019-08-21T11:29:04.447","level":"INFO","category":"default","host":"DESKTOP-5OD2HI8","pid":"16164"}
{"data":'clientPool: {}',"date":"2019-08-21T11:29:14.447","level":"INFO","category":"default","host":"DESKTOP-5OD2HI8","pid":"16164"}
{"data":'clientPool: {}',"date":"2019-08-21T11:29:24.461","level":"INFO","category":"default","host":"DESKTOP-5OD2HI8","pid":"16164"}
{"data":'clientPool: {}',"date":"2019-08-21T11:29:34.463","level":"INFO","category":"default","host":"DESKTOP-5OD2HI8","pid":"16164"}
{"data":'clientPool: {}',"date":"2019-08-21T11:29:44.478","level":"INFO","category":"default","host":"DESKTOP-5OD2HI8","pid":"16164"}
{"data":'clientPool: {}',"date":"2019-08-21T11:29:54.478","level":"INFO","category":"default","host":"DESKTOP-5OD2HI8","pid":"16164"}
{"data":'clientPool: {}',"date":"2019-08-21T11:30:04.493","level":"INFO","category":"default","host":"DESKTOP-5OD2HI8","pid":"16164"}
{"data":'clientPool: {}',"date":"2019-08-21T11:30:14.508","level":"INFO","category":"default","host":"DESKTOP-5OD2HI8","pid":"16164"}
{"data":'clientPool: {}',"date":"2019-08-21T11:30:24.509","level":"INFO","category":"default","host":"DESKTOP-5OD2HI8","pid":"16164"}
{"data":'clientPool: {}',"date":"2019-08-21T11:30:34.510","level":"INFO","category":"default","host":"DESKTOP-5OD2HI8","pid":"16164"}
{"data":'clientPool: {}',"date":"2019-08-21T11:30:44.526","level":"INFO","category":"default","host":"DESKTOP-5OD2HI8","pid":"16164"}
{"data":'clientPool: {}',"date":"2019-08-21T11:30:54.543","level":"INFO","category":"default","host":"DESKTOP-5OD2HI8","pid":"16164"}
{"data":'clientPool: {}',"date":"2019-08-21T11:31:04.559","level":"INFO","category":"default","host":"DESKTOP-5OD2HI8","pid":"16164"}
{"data":'clientPool: {}',"date":"2019-08-21T11:31:14.559","level":"INFO","category":"default","host":"DESKTOP-5OD2HI8","pid":"16164"}
{"data":'clientPool: {}',"date":"2019-08-21T11:31:24.574","level":"INFO","category":"default","host":"DESKTOP-5OD2HI8","pid":"16164"}
{"data":'clientPool: {}',"date":"2019-08-21T11:31:34.574","level":"INFO","category":"default","host":"DESKTOP-5OD2HI8","pid":"16164"}
{"data":'clientPool: {}',"date":"2019-08-21T11:31:44.574","level":"INFO","category":"default","host":"DESKTOP-5OD2HI8","pid":"16164"}
{"data":'clientPool: {}',"date":"2019-08-21T11:31:54.590","level":"INFO","category":"default","host":"DESKTOP-5OD2HI8","pid":"16164"}
{"data":'clientPool: {}',"date":"2019-08-21T11:32:04.605","level":"INFO","category":"default","host":"DESKTOP-5OD2HI8","pid":"16164"}
{"data":'clientPool: {}',"date":"2019-08-21T11:32:14.604","level":"INFO","category":"default","host":"DESKTOP-5OD2HI8","pid":"16164"}
{"data":'clientPool: {}',"date":"2019-08-21T11:32:24.605","level":"INFO","category":"default","host":"DESKTOP-5OD2HI8","pid":"16164"}
{"data":'clientPool: {}',"date":"2019-08-21T11:32:34.604","level":"INFO","category":"default","host":"DESKTOP-5OD2HI8","pid":"16164"}
{"data":'clientPool: {}',"date":"2019-08-21T11:32:44.605","level":"INFO","category":"default","host":"DESKTOP-5OD2HI8","pid":"16164"}
{"data":'clientPool: {}',"date":"2019-08-21T11:32:54.623","level":"INFO","category":"default","host":"DESKTOP-5OD2HI8","pid":"16164"}
{"data":'clientPool: {}',"date":"2019-08-21T11:33:04.639","level":"INFO","category":"default","host":"DESKTOP-5OD2HI8","pid":"16164"}
{"data":'clientPool: {}',"date":"2019-08-21T11:33:14.638","level":"INFO","category":"default","host":"DESKTOP-5OD2HI8","pid":"16164"}
{"data":'clientPool: {}',"date":"2019-08-21T11:33:24.639","level":"INFO","category":"default","host":"DESKTOP-5OD2HI8","pid":"16164"}
{"data":'clientPool: {}',"date":"2019-08-21T11:33:34.638","level":"INFO","category":"default","host":"DESKTOP-5OD2HI8","pid":"16164"}
{"data":'clientPool: {}',"date":"2019-08-21T11:33:44.638","level":"INFO","category":"default","host":"DESKTOP-5OD2HI8","pid":"16164"}
{"data":'clientPool: {}',"date":"2019-08-21T11:33:54.638","level":"INFO","category":"default","host":"DESKTOP-5OD2HI8","pid":"16164"}
{"data":'clientPool: {}',"date":"2019-08-21T11:34:04.654","level":"INFO","category":"default","host":"DESKTOP-5OD2HI8","pid":"16164"}
{"data":'clientPool: {}',"date":"2019-08-21T11:34:14.655","level":"INFO","category":"default","host":"DESKTOP-5OD2HI8","pid":"16164"}
{"data":'clientPool: {}',"date":"2019-08-21T11:34:24.655","level":"INFO","category":"default","host":"DESKTOP-5OD2HI8","pid":"16164"}
{"data":'clientPool: {}',"date":"2019-08-21T11:34:34.655","level":"INFO","category":"default","host":"DESKTOP-5OD2HI8","pid":"16164"}
{"data":'clientPool: {}',"date":"2019-08-21T11:34:44.655","level":"INFO","category":"default","host":"DESKTOP-5OD2HI8","pid":"16164"}
{"data":'clientPool: {}',"date":"2019-08-21T11:34:54.670","level":"INFO","category":"default","host":"DESKTOP-5OD2HI8","pid":"16164"}
{"data":'clientPool: {}',"date":"2019-08-21T11:35:04.686","level":"INFO","category":"default","host":"DESKTOP-5OD2HI8","pid":"16164"}
{"data":'clientPool: {}',"date":"2019-08-21T11:35:14.687","level":"INFO","category":"default","host":"DESKTOP-5OD2HI8","pid":"16164"}
{"data":'clientPool: {}',"date":"2019-08-21T11:35:24.688","level":"INFO","category":"default","host":"DESKTOP-5OD2HI8","pid":"16164"}
{"data":'clientPool: {}',"date":"2019-08-21T11:35:34.691","level":"INFO","category":"default","host":"DESKTOP-5OD2HI8","pid":"16164"}
{"data":'clientPool: {}',"date":"2019-08-21T11:35:44.710","level":"INFO","category":"default","host":"DESKTOP-5OD2HI8","pid":"16164"}
{"data":'clientPool: {}',"date":"2019-08-21T11:35:54.717","level":"INFO","category":"default","host":"DESKTOP-5OD2HI8","pid":"16164"}
{"data":'clientPool: {}',"date":"2019-08-21T11:36:04.735","level":"INFO","category":"default","host":"DESKTOP-5OD2HI8","pid":"16164"}
{"data":'clientPool: {}',"date":"2019-08-21T11:36:14.750","level":"INFO","category":"default","host":"DESKTOP-5OD2HI8","pid":"16164"}
{"data":'clientPool: {}',"date":"2019-08-21T11:36:24.751","level":"INFO","category":"default","host":"DESKTOP-5OD2HI8","pid":"16164"}
{"data":'clientPool: {}',"date":"2019-08-21T11:36:34.756","level":"INFO","category":"default","host":"DESKTOP-5OD2HI8","pid":"16164"}
{"data":'clientPool: {}',"date":"2019-08-21T11:36:44.775","level":"INFO","category":"default","host":"DESKTOP-5OD2HI8","pid":"16164"}
{"data":'clientPool: {}',"date":"2019-08-21T11:36:54.775","level":"INFO","category":"default","host":"DESKTOP-5OD2HI8","pid":"16164"}
{"data":'clientPool: {}',"date":"2019-08-21T11:37:04.782","level":"INFO","category":"default","host":"DESKTOP-5OD2HI8","pid":"16164"}
{"data":'clientPool: {}',"date":"2019-08-21T11:37:14.784","level":"INFO","category":"default","host":"DESKTOP-5OD2HI8","pid":"16164"}
{"data":'clientPool: {}',"date":"2019-08-21T11:37:24.784","level":"INFO","category":"default","host":"DESKTOP-5OD2HI8","pid":"16164"}
{"data":'clientPool: {}',"date":"2019-08-21T11:37:34.808","level":"INFO","category":"default","host":"DESKTOP-5OD2HI8","pid":"16164"}
{"data":'clientPool: {}',"date":"2019-08-21T11:37:44.820","level":"INFO","category":"default","host":"DESKTOP-5OD2HI8","pid":"16164"}
{"data":'clientPool: {}',"date":"2019-08-21T11:37:54.831","level":"INFO","category":"default","host":"DESKTOP-5OD2HI8","pid":"16164"}
{"data":'clientPool: {}',"date":"2019-08-21T11:38:04.831","level":"INFO","category":"default","host":"DESKTOP-5OD2HI8","pid":"16164"}
{"data":'clientPool: {}',"date":"2019-08-21T11:38:14.847","level":"INFO","category":"default","host":"DESKTOP-5OD2HI8","pid":"16164"}
{"data":'clientPool: {}',"date":"2019-08-21T11:38:24.862","level":"INFO","category":"default","host":"DESKTOP-5OD2HI8","pid":"16164"}
{"data":'clientPool: {}',"date":"2019-08-21T11:38:34.863","level":"INFO","category":"default","host":"DESKTOP-5OD2HI8","pid":"16164"}
{"data":'clientPool: {}',"date":"2019-08-21T11:38:44.863","level":"INFO","category":"default","host":"DESKTOP-5OD2HI8","pid":"16164"}
{"data":'clientPool: {}',"date":"2019-08-21T11:38:54.878","level":"INFO","category":"default","host":"DESKTOP-5OD2HI8","pid":"16164"}
{"data":'clientPool: {}',"date":"2019-08-21T11:39:04.894","level":"INFO","category":"default","host":"DESKTOP-5OD2HI8","pid":"16164"}
{"data":'clientPool: {}',"date":"2019-08-21T11:39:14.911","level":"INFO","category":"default","host":"DESKTOP-5OD2HI8","pid":"16164"}
{"data":'clientPool: {}',"date":"2019-08-21T11:39:24.911","level":"INFO","category":"default","host":"DESKTOP-5OD2HI8","pid":"16164"}
{"data":'clientPool: {}',"date":"2019-08-21T11:39:34.911","level":"INFO","category":"default","host":"DESKTOP-5OD2HI8","pid":"16164"}
{"data":'clientPool: {}',"date":"2019-08-21T11:39:44.912","level":"INFO","category":"default","host":"DESKTOP-5OD2HI8","pid":"16164"}
{"data":'clientPool: {}',"date":"2019-08-21T11:39:54.927","level":"INFO","category":"default","host":"DESKTOP-5OD2HI8","pid":"16164"}
{"data":'clientPool: {}',"date":"2019-08-21T11:40:04.929","level":"INFO","category":"default","host":"DESKTOP-5OD2HI8","pid":"16164"}
{"data":'clientPool: {}',"date":"2019-08-21T11:40:14.942","level":"INFO","category":"default","host":"DESKTOP-5OD2HI8","pid":"16164"}
{"data":'clientPool: {}',"date":"2019-08-21T11:40:24.946","level":"INFO","category":"default","host":"DESKTOP-5OD2HI8","pid":"16164"}
{"data":'clientPool: {}',"date":"2019-08-21T11:40:34.959","level":"INFO","category":"default","host":"DESKTOP-5OD2HI8","pid":"16164"}
{"data":'clientPool: {}',"date":"2019-08-21T11:40:44.959","level":"INFO","category":"default","host":"DESKTOP-5OD2HI8","pid":"16164"}
{"data":'clientPool: {}',"date":"2019-08-21T11:40:54.975","level":"INFO","category":"default","host":"DESKTOP-5OD2HI8","pid":"16164"}
{"data":'clientPool: {}',"date":"2019-08-21T11:41:04.975","level":"INFO","category":"default","host":"DESKTOP-5OD2HI8","pid":"16164"}
{"data":'clientPool: {}',"date":"2019-08-21T11:41:14.976","level":"INFO","category":"default","host":"DESKTOP-5OD2HI8","pid":"16164"}
{"data":'clientPool: {}',"date":"2019-08-21T11:41:24.990","level":"INFO","category":"default","host":"DESKTOP-5OD2HI8","pid":"16164"}
{"data":'clientPool: {}',"date":"2019-08-21T11:41:34.990","level":"INFO","category":"default","host":"DESKTOP-5OD2HI8","pid":"16164"}
{"data":'clientPool: {}',"date":"2019-08-21T11:41:44.992","level":"INFO","category":"default","host":"DESKTOP-5OD2HI8","pid":"16164"}
{"data":'clientPool: {}',"date":"2019-08-21T11:41:55.008","level":"INFO","category":"default","host":"DESKTOP-5OD2HI8","pid":"16164"}
{"data":'clientPool: {}',"date":"2019-08-21T11:42:05.008","level":"INFO","category":"default","host":"DESKTOP-5OD2HI8","pid":"16164"}
{"data":'clientPool: {}',"date":"2019-08-21T11:42:15.008","level":"INFO","category":"default","host":"DESKTOP-5OD2HI8","pid":"16164"}
{"data":'clientPool: {}',"date":"2019-08-21T11:42:25.013","level":"INFO","category":"default","host":"DESKTOP-5OD2HI8","pid":"16164"}
{"data":'clientPool: {}',"date":"2019-08-21T11:42:35.025","level":"INFO","category":"default","host":"DESKTOP-5OD2HI8","pid":"16164"}
{"data":'clientPool: {}',"date":"2019-08-21T11:42:45.040","level":"INFO","category":"default","host":"DESKTOP-5OD2HI8","pid":"16164"}
{"data":'clientPool: {}',"date":"2019-08-21T11:42:55.063","level":"INFO","category":"default","host":"DESKTOP-5OD2HI8","pid":"16164"}
{"data":'clientPool: {}',"date":"2019-08-21T11:43:05.079","level":"INFO","category":"default","host":"DESKTOP-5OD2HI8","pid":"16164"}
{"data":'clientPool: {}',"date":"2019-08-21T11:43:15.079","level":"INFO","category":"default","host":"DESKTOP-5OD2HI8","pid":"16164"}
{"data":'clientPool: {}',"date":"2019-08-21T11:43:25.088","level":"INFO","category":"default","host":"DESKTOP-5OD2HI8","pid":"16164"}
{"data":'clientPool: {}',"date":"2019-08-21T11:43:35.103","level":"INFO","category":"default","host":"DESKTOP-5OD2HI8","pid":"16164"}
{"data":'clientPool: {}',"date":"2019-08-21T11:43:45.104","level":"INFO","category":"default","host":"DESKTOP-5OD2HI8","pid":"16164"}
{"data":'clientPool: {}',"date":"2019-08-21T11:43:55.104","level":"INFO","category":"default","host":"DESKTOP-5OD2HI8","pid":"16164"}
{"data":'clientPool: {}',"date":"2019-08-21T11:44:05.104","level":"INFO","category":"default","host":"DESKTOP-5OD2HI8","pid":"16164"}
{"data":'clientPool: {}',"date":"2019-08-21T11:44:15.125","level":"INFO","category":"default","host":"DESKTOP-5OD2HI8","pid":"16164"}
{"data":'clientPool: {}',"date":"2019-08-21T11:44:25.139","level":"INFO","category":"default","host":"DESKTOP-5OD2HI8","pid":"16164"}
{"data":'clientPool: {}',"date":"2019-08-21T11:44:35.152","level":"INFO","category":"default","host":"DESKTOP-5OD2HI8","pid":"16164"}
{"data":'clientPool: {}',"date":"2019-08-21T11:44:45.151","level":"INFO","category":"default","host":"DESKTOP-5OD2HI8","pid":"16164"}
{"data":'clientPool: {}',"date":"2019-08-21T11:44:55.152","level":"INFO","category":"default","host":"DESKTOP-5OD2HI8","pid":"16164"}
{"data":'clientPool: {}',"date":"2019-08-21T11:45:05.152","level":"INFO","category":"default","host":"DESKTOP-5OD2HI8","pid":"16164"}
{"data":'clientPool: {}',"date":"2019-08-21T11:45:15.152","level":"INFO","category":"default","host":"DESKTOP-5OD2HI8","pid":"16164"}
{"data":'clientPool: {}',"date":"2019-08-21T11:45:25.168","level":"INFO","category":"default","host":"DESKTOP-5OD2HI8","pid":"16164"}
{"data":'clientPool: {}',"date":"2019-08-21T11:45:35.168","level":"INFO","category":"default","host":"DESKTOP-5OD2HI8","pid":"16164"}
{"data":'clientPool: {}',"date":"2019-08-21T11:45:45.168","level":"INFO","category":"default","host":"DESKTOP-5OD2HI8","pid":"16164"}
{"data":'clientPool: {}',"date":"2019-08-21T11:45:55.168","level":"INFO","category":"default","host":"DESKTOP-5OD2HI8","pid":"16164"}
{"data":'clientPool: {}',"date":"2019-08-21T11:46:05.183","level":"INFO","category":"default","host":"DESKTOP-5OD2HI8","pid":"16164"}
{"data":'clientPool: {}',"date":"2019-08-21T11:46:15.200","level":"INFO","category":"default","host":"DESKTOP-5OD2HI8","pid":"16164"}
{"data":'clientPool: {}',"date":"2019-08-21T11:46:25.200","level":"INFO","category":"default","host":"DESKTOP-5OD2HI8","pid":"16164"}
{"data":'clientPool: {}',"date":"2019-08-21T11:46:35.200","level":"INFO","category":"default","host":"DESKTOP-5OD2HI8","pid":"16164"}
{"data":'clientPool: {}',"date":"2019-08-21T11:46:45.200","level":"INFO","category":"default","host":"DESKTOP-5OD2HI8","pid":"16164"}
{"data":'clientPool: {}',"date":"2019-08-21T11:46:55.200","level":"INFO","category":"default","host":"DESKTOP-5OD2HI8","pid":"16164"}
{"data":'clientPool: {}',"date":"2019-08-21T11:47:05.200","level":"INFO","category":"default","host":"DESKTOP-5OD2HI8","pid":"16164"}
{"data":'clientPool: {}',"date":"2019-08-21T11:47:15.216","level":"INFO","category":"default","host":"DESKTOP-5OD2HI8","pid":"16164"}
{"data":'clientPool: {}',"date":"2019-08-21T11:47:25.216","level":"INFO","category":"default","host":"DESKTOP-5OD2HI8","pid":"16164"}
{"data":'clientPool: {}',"date":"2019-08-21T11:47:35.215","level":"INFO","category":"default","host":"DESKTOP-5OD2HI8","pid":"16164"}
{"data":'clientPool: {}',"date":"2019-08-21T11:47:45.216","level":"INFO","category":"default","host":"DESKTOP-5OD2HI8","pid":"16164"}
{"data":'clientPool: {}',"date":"2019-08-21T11:47:55.216","level":"INFO","category":"default","host":"DESKTOP-5OD2HI8","pid":"16164"}
{"data":'clientPool: {}',"date":"2019-08-21T11:48:05.216","level":"INFO","category":"default","host":"DESKTOP-5OD2HI8","pid":"16164"}
{"data":'clientPool: {}',"date":"2019-08-21T11:48:15.232","level":"INFO","category":"default","host":"DESKTOP-5OD2HI8","pid":"16164"}
{"data":'clientPool: {}',"date":"2019-08-21T11:48:25.232","level":"INFO","category":"default","host":"DESKTOP-5OD2HI8","pid":"16164"}
{"data":'clientPool: {}',"date":"2019-08-21T11:48:35.232","level":"INFO","category":"default","host":"DESKTOP-5OD2HI8","pid":"16164"}
{"data":'clientPool: {}',"date":"2019-08-21T11:48:45.248","level":"INFO","category":"default","host":"DESKTOP-5OD2HI8","pid":"16164"}
{"data":'clientPool: {}',"date":"2019-08-21T11:48:55.264","level":"INFO","category":"default","host":"DESKTOP-5OD2HI8","pid":"16164"}
{"data":'clientPool: {}',"date":"2019-08-21T11:49:05.264","level":"INFO","category":"default","host":"DESKTOP-5OD2HI8","pid":"16164"}
{"data":'clientPool: {}',"date":"2019-08-21T11:49:15.282","level":"INFO","category":"default","host":"DESKTOP-5OD2HI8","pid":"16164"}
{"data":'clientPool: {}',"date":"2019-08-21T11:49:25.296","level":"INFO","category":"default","host":"DESKTOP-5OD2HI8","pid":"16164"}
{"data":'clientPool: {}',"date":"2019-08-21T11:49:35.296","level":"INFO","category":"default","host":"DESKTOP-5OD2HI8","pid":"16164"}
{"data":'clientPool: {}',"date":"2019-08-21T11:49:45.296","level":"INFO","category":"default","host":"DESKTOP-5OD2HI8","pid":"16164"}
{"data":'clientPool: {}',"date":"2019-08-21T11:49:55.296","level":"INFO","category":"default","host":"DESKTOP-5OD2HI8","pid":"16164"}
{"data":'clientPool: {}',"date":"2019-08-21T11:50:05.296","level":"INFO","category":"default","host":"DESKTOP-5OD2HI8","pid":"16164"}
{"data":'clientPool: {}',"date":"2019-08-21T11:50:15.313","level":"INFO","category":"default","host":"DESKTOP-5OD2HI8","pid":"16164"}
{"data":'clientPool: {}',"date":"2019-08-21T11:50:25.328","level":"INFO","category":"default","host":"DESKTOP-5OD2HI8","pid":"16164"}
{"data":'clientPool: {}',"date":"2019-08-21T11:50:35.345","level":"INFO","category":"default","host":"DESKTOP-5OD2HI8","pid":"16164"}
{"data":'clientPool: {}',"date":"2019-08-21T11:50:45.360","level":"INFO","category":"default","host":"DESKTOP-5OD2HI8","pid":"16164"}
{"data":'clientPool: {}',"date":"2019-08-21T11:50:55.376","level":"INFO","category":"default","host":"DESKTOP-5OD2HI8","pid":"16164"}
{"data":'clientPool: {}',"date":"2019-08-21T11:51:05.392","level":"INFO","category":"default","host":"DESKTOP-5OD2HI8","pid":"16164"}
{"data":'clientPool: {}',"date":"2019-08-21T11:51:15.409","level":"INFO","category":"default","host":"DESKTOP-5OD2HI8","pid":"16164"}
{"data":'clientPool: {}',"date":"2019-08-21T11:51:25.418","level":"INFO","category":"default","host":"DESKTOP-5OD2HI8","pid":"16164"}
{"data":'clientPool: {}',"date":"2019-08-21T11:51:35.430","level":"INFO","category":"default","host":"DESKTOP-5OD2HI8","pid":"16164"}
{"data":'clientPool: {}',"date":"2019-08-21T11:51:45.439","level":"INFO","category":"default","host":"DESKTOP-5OD2HI8","pid":"16164"}
{"data":'clientPool: {}',"date":"2019-08-21T11:51:55.441","level":"INFO","category":"default","host":"DESKTOP-5OD2HI8","pid":"16164"}
{"data":'clientPool: {}',"date":"2019-08-21T11:52:05.441","level":"INFO","category":"default","host":"DESKTOP-5OD2HI8","pid":"16164"}
{"data":'clientPool: {}',"date":"2019-08-21T11:52:15.441","level":"INFO","category":"default","host":"DESKTOP-5OD2HI8","pid":"16164"}
{"data":'clientPool: {}',"date":"2019-08-21T11:52:25.441","level":"INFO","category":"default","host":"DESKTOP-5OD2HI8","pid":"16164"}
{"data":'clientPool: {}',"date":"2019-08-21T11:52:35.440","level":"INFO","category":"default","host":"DESKTOP-5OD2HI8","pid":"16164"}
{"data":'clientPool: {}',"date":"2019-08-21T11:52:45.441","level":"INFO","category":"default","host":"DESKTOP-5OD2HI8","pid":"16164"}
{"data":'clientPool: {}',"date":"2019-08-21T11:52:55.441","level":"INFO","category":"default","host":"DESKTOP-5OD2HI8","pid":"16164"}
{"data":'clientPool: {}',"date":"2019-08-21T11:53:05.455","level":"INFO","category":"default","host":"DESKTOP-5OD2HI8","pid":"16164"}
{"data":'clientPool: {}',"date":"2019-08-21T11:53:15.456","level":"INFO","category":"default","host":"DESKTOP-5OD2HI8","pid":"16164"}
{"data":'clientPool: {}',"date":"2019-08-21T11:53:25.457","level":"INFO","category":"default","host":"DESKTOP-5OD2HI8","pid":"16164"}
{"data":'clientPool: {}',"date":"2019-08-21T11:53:35.473","level":"INFO","category":"default","host":"DESKTOP-5OD2HI8","pid":"16164"}
{"data":'clientPool: {}',"date":"2019-08-21T11:53:45.473","level":"INFO","category":"default","host":"DESKTOP-5OD2HI8","pid":"16164"}
{"data":'clientPool: {}',"date":"2019-08-21T11:53:55.503","level":"INFO","category":"default","host":"DESKTOP-5OD2HI8","pid":"16164"}
{"data":'clientPool: {}',"date":"2019-08-21T11:54:05.505","level":"INFO","category":"default","host":"DESKTOP-5OD2HI8","pid":"16164"}
{"data":'clientPool: {}',"date":"2019-08-21T11:54:15.504","level":"INFO","category":"default","host":"DESKTOP-5OD2HI8","pid":"16164"}
{"data":'clientPool: {}',"date":"2019-08-21T11:54:25.521","level":"INFO","category":"default","host":"DESKTOP-5OD2HI8","pid":"16164"}
{"data":'clientPool: {}',"date":"2019-08-21T11:54:35.548","level":"INFO","category":"default","host":"DESKTOP-5OD2HI8","pid":"16164"}
{"data":'clientPool: {}',"date":"2019-08-21T11:54:45.558","level":"INFO","category":"default","host":"DESKTOP-5OD2HI8","pid":"16164"}
{"data":'clientPool: {}',"date":"2019-08-21T11:54:55.568","level":"INFO","category":"default","host":"DESKTOP-5OD2HI8","pid":"16164"}
{"data":'clientPool: {}',"date":"2019-08-21T11:55:05.569","level":"INFO","category":"default","host":"DESKTOP-5OD2HI8","pid":"16164"}
{"data":'clientPool: {}',"date":"2019-08-21T11:55:15.584","level":"INFO","category":"default","host":"DESKTOP-5OD2HI8","pid":"16164"}
{"data":'clientPool: {}',"date":"2019-08-21T11:55:25.601","level":"INFO","category":"default","host":"DESKTOP-5OD2HI8","pid":"16164"}
{"data":'clientPool: {}',"date":"2019-08-21T11:55:35.601","level":"INFO","category":"default","host":"DESKTOP-5OD2HI8","pid":"16164"}
{"data":'clientPool: {}',"date":"2019-08-21T11:55:45.616","level":"INFO","category":"default","host":"DESKTOP-5OD2HI8","pid":"16164"}
{"data":'clientPool: {}',"date":"2019-08-21T11:55:55.616","level":"INFO","category":"default","host":"DESKTOP-5OD2HI8","pid":"16164"}
{"data":'clientPool: {}',"date":"2019-08-21T11:56:05.617","level":"INFO","category":"default","host":"DESKTOP-5OD2HI8","pid":"16164"}
{"data":'clientPool: {}',"date":"2019-08-21T11:56:15.633","level":"INFO","category":"default","host":"DESKTOP-5OD2HI8","pid":"16164"}
{"data":'clientPool: {}',"date":"2019-08-21T11:56:25.633","level":"INFO","category":"default","host":"DESKTOP-5OD2HI8","pid":"16164"}
{"data":'clientPool: {}',"date":"2019-08-21T11:56:35.649","level":"INFO","category":"default","host":"DESKTOP-5OD2HI8","pid":"16164"}
{"data":'clientPool: {}',"date":"2019-08-21T11:56:45.649","level":"INFO","category":"default","host":"DESKTOP-5OD2HI8","pid":"16164"}
{"data":'clientPool: {}',"date":"2019-08-21T11:56:55.665","level":"INFO","category":"default","host":"DESKTOP-5OD2HI8","pid":"16164"}
{"data":'clientPool: {}',"date":"2019-08-21T11:57:05.664","level":"INFO","category":"default","host":"DESKTOP-5OD2HI8","pid":"16164"}
{"data":'clientPool: {}',"date":"2019-08-21T11:57:15.680","level":"INFO","category":"default","host":"DESKTOP-5OD2HI8","pid":"16164"}
{"data":'clientPool: {}',"date":"2019-08-21T11:57:25.681","level":"INFO","category":"default","host":"DESKTOP-5OD2HI8","pid":"16164"}
{"data":'clientPool: {}',"date":"2019-08-21T11:57:35.682","level":"INFO","category":"default","host":"DESKTOP-5OD2HI8","pid":"16164"}
{"data":'clientPool: {}',"date":"2019-08-21T11:57:45.682","level":"INFO","category":"default","host":"DESKTOP-5OD2HI8","pid":"16164"}
{"data":'clientPool: {}',"date":"2019-08-21T11:57:55.682","level":"INFO","category":"default","host":"DESKTOP-5OD2HI8","pid":"16164"}
{"data":'clientPool: {}',"date":"2019-08-21T11:58:05.697","level":"INFO","category":"default","host":"DESKTOP-5OD2HI8","pid":"16164"}
{"data":'clientPool: {}',"date":"2019-08-21T11:58:15.714","level":"INFO","category":"default","host":"DESKTOP-5OD2HI8","pid":"16164"}
{"data":'clientPool: {}',"date":"2019-08-21T11:58:25.729","level":"INFO","category":"default","host":"DESKTOP-5OD2HI8","pid":"16164"}
{"data":'clientPool: {}',"date":"2019-08-21T11:58:35.728","level":"INFO","category":"default","host":"DESKTOP-5OD2HI8","pid":"16164"}
{"data":'clientPool: {}',"date":"2019-08-21T11:58:45.729","level":"INFO","category":"default","host":"DESKTOP-5OD2HI8","pid":"16164"}
{"data":'clientPool: {}',"date":"2019-08-21T11:58:55.729","level":"INFO","category":"default","host":"DESKTOP-5OD2HI8","pid":"16164"}
{"data":'clientPool: {}',"date":"2019-08-21T11:59:05.729","level":"INFO","category":"default","host":"DESKTOP-5OD2HI8","pid":"16164"}
{"data":'clientPool: {}',"date":"2019-08-21T11:59:15.745","level":"INFO","category":"default","host":"DESKTOP-5OD2HI8","pid":"16164"}
{"data":'clientPool: {}',"date":"2019-08-21T11:59:25.761","level":"INFO","category":"default","host":"DESKTOP-5OD2HI8","pid":"16164"}
{"data":'clientPool: {}',"date":"2019-08-21T11:59:35.777","level":"INFO","category":"default","host":"DESKTOP-5OD2HI8","pid":"16164"}
{"data":'clientPool: {}',"date":"2019-08-21T11:59:45.777","level":"INFO","category":"default","host":"DESKTOP-5OD2HI8","pid":"16164"}
{"data":'clientPool: {}',"date":"2019-08-21T11:59:55.777","level":"INFO","category":"default","host":"DESKTOP-5OD2HI8","pid":"16164"}
